This file contains any messages produced by compilers while
running configure, to aid debugging if configure makes a mistake.

It was created by libmpeg2 configure 0.5.1, which was
generated by GNU Autoconf 2.61.  Invocation command line was

  $ ./configure --host=x86_64-aros

## --------- ##
## Platform. ##
## --------- ##

hostname = torias
uname -m = x86_64
uname -r = 3.16.0-4-amd64
uname -s = Linux
uname -v = #1 SMP Debian 3.16.7-ckt9-3~deb8u1 (2015-04-24)

/usr/bin/uname -p = unknown
/bin/uname -X     = unknown

/bin/arch              = unknown
/usr/bin/arch -k       = unknown
/usr/convex/getsysinfo = unknown
/usr/bin/hostinfo      = unknown
/bin/machine           = unknown
/usr/bin/oslevel       = unknown
/bin/universe          = unknown

PATH: /home/oli/bin
PATH: /usr/local/bin
PATH: /usr/bin
PATH: /bin
PATH: /usr/local/games
PATH: /usr/games
PATH: /etc/local
PATH: /usr/sbin
PATH: /home/oli/bin
PATH: /etc/local
PATH: /usr/sbin
PATH: /home/oli/bin


## ----------- ##
## Core tests. ##
## ----------- ##

configure:2021: checking build system type
configure:2039: result: x86_64-unknown-linux-gnu
configure:2061: checking host system type
configure:2076: result: x86_64-pc-aros
configure:2114: checking for a BSD-compatible install
configure:2170: result: /usr/bin/install -c
configure:2181: checking whether build environment is sane
configure:2224: result: yes
configure:2252: checking for a thread-safe mkdir -p
configure:2291: result: /bin/mkdir -p
configure:2304: checking for gawk
configure:2320: found /usr/bin/gawk
configure:2331: result: gawk
configure:2342: checking whether make sets $(MAKE)
configure:2363: result: yes
configure:2443: checking for x86_64-aros-strip
configure:2473: result: no
configure:2483: checking for strip
configure:2499: found /usr/bin/strip
configure:2510: result: strip
configure:2551: checking whether to enable maintainer-specific portions of Makefiles
configure:2560: result: no
configure:2582: checking for x86_64-aros-gcc
configure:2612: result: no
configure:2622: checking for gcc
configure:2638: found /usr/bin/gcc
configure:2649: result: gcc
configure:2887: checking for C compiler version
configure:2894: gcc --version >&5
gcc (Debian 4.9.2-10) 4.9.2
Copyright (C) 2014 Free Software Foundation, Inc.
This is free software; see the source for copying conditions.  There is NO
warranty; not even for MERCHANTABILITY or FITNESS FOR A PARTICULAR PURPOSE.

configure:2897: $? = 0
configure:2904: gcc -v >&5
Using built-in specs.
COLLECT_GCC=gcc
COLLECT_LTO_WRAPPER=/usr/lib/gcc/x86_64-linux-gnu/4.9/lto-wrapper
Target: x86_64-linux-gnu
Configured with: ../src/configure -v --with-pkgversion='Debian 4.9.2-10' --with-bugurl=file:///usr/share/doc/gcc-4.9/README.Bugs --enable-languages=c,c++,java,go,d,fortran,objc,obj-c++ --prefix=/usr --program-suffix=-4.9 --enable-shared --enable-linker-build-id --libexecdir=/usr/lib --without-included-gettext --enable-threads=posix --with-gxx-include-dir=/usr/include/c++/4.9 --libdir=/usr/lib --enable-nls --with-sysroot=/ --enable-clocale=gnu --enable-libstdcxx-debug --enable-libstdcxx-time=yes --enable-gnu-unique-object --disable-vtable-verify --enable-plugin --with-system-zlib --disable-browser-plugin --enable-java-awt=gtk --enable-gtk-cairo --with-java-home=/usr/lib/jvm/java-1.5.0-gcj-4.9-amd64/jre --enable-java-home --with-jvm-root-dir=/usr/lib/jvm/java-1.5.0-gcj-4.9-amd64 --with-jvm-jar-dir=/usr/lib/jvm-exports/java-1.5.0-gcj-4.9-amd64 --with-arch-directory=amd64 --with-ecj-jar=/usr/share/java/eclipse-ecj.jar --enable-objc-gc --enable-multiarch --with-arch-32=i586 --with-abi=m64 --with-multilib-list=m32,m64,mx32 --enable-multilib --with-tune=generic --enable-checking=release --build=x86_64-linux-gnu --host=x86_64-linux-gnu --target=x86_64-linux-gnu
Thread model: posix
gcc version 4.9.2 (Debian 4.9.2-10) 
configure:2907: $? = 0
configure:2914: gcc -V >&5
gcc: error: unrecognized command line option '-V'
gcc: fatal error: no input files
compilation terminated.
configure:2917: $? = 4
configure:2940: checking for C compiler default output file name
configure:2967: gcc    conftest.c  >&5
configure:2970: $? = 0
configure:3008: result: a.out
configure:3025: checking whether the C compiler works
configure:3035: ./a.out
configure:3038: $? = 0
configure:3055: result: yes
configure:3062: checking whether we are cross compiling
configure:3064: result: no
configure:3067: checking for suffix of executables
configure:3074: gcc -o conftest    conftest.c  >&5
configure:3077: $? = 0
configure:3101: result: 
configure:3107: checking for suffix of object files
configure:3133: gcc -c   conftest.c >&5
configure:3136: $? = 0
configure:3159: result: o
configure:3163: checking whether we are using the GNU C compiler
configure:3192: gcc -c   conftest.c >&5
configure:3198: $? = 0
configure:3215: result: yes
configure:3220: checking whether gcc accepts -g
configure:3250: gcc -c -g  conftest.c >&5
configure:3256: $? = 0
configure:3355: result: yes
configure:3372: checking for gcc option to accept ISO C89
configure:3446: gcc  -c -g -O2  conftest.c >&5
configure:3452: $? = 0
configure:3475: result: none needed
configure:3504: checking for style of include used by make
configure:3532: result: GNU
configure:3557: checking dependency style of gcc
configure:3648: result: gcc3
configure:3669: checking how to run the C preprocessor
configure:3709: gcc -E  conftest.c
configure:3715: $? = 0
configure:3746: gcc -E  conftest.c
conftest.c:10:28: fatal error: ac_nonexistent.h: No such file or directory
 #include <ac_nonexistent.h>
                            ^
compilation terminated.
configure:3752: $? = 1
configure: failed program was:
| /* confdefs.h.  */
| #define PACKAGE_NAME "libmpeg2"
| #define PACKAGE_TARNAME "libmpeg2"
| #define PACKAGE_VERSION "0.5.1"
| #define PACKAGE_STRING "libmpeg2 0.5.1"
| #define PACKAGE_BUGREPORT ""
| #define PACKAGE "libmpeg2"
| #define VERSION "0.5.1"
| /* end confdefs.h.  */
| #include <ac_nonexistent.h>
configure:3785: result: gcc -E
configure:3814: gcc -E  conftest.c
configure:3820: $? = 0
configure:3851: gcc -E  conftest.c
conftest.c:10:28: fatal error: ac_nonexistent.h: No such file or directory
 #include <ac_nonexistent.h>
                            ^
compilation terminated.
configure:3857: $? = 1
configure: failed program was:
| /* confdefs.h.  */
| #define PACKAGE_NAME "libmpeg2"
| #define PACKAGE_TARNAME "libmpeg2"
| #define PACKAGE_VERSION "0.5.1"
| #define PACKAGE_STRING "libmpeg2 0.5.1"
| #define PACKAGE_BUGREPORT ""
| #define PACKAGE "libmpeg2"
| #define VERSION "0.5.1"
| /* end confdefs.h.  */
| #include <ac_nonexistent.h>
configure:3895: checking for grep that handles long lines and -e
configure:3969: result: /bin/grep
configure:3974: checking for egrep
configure:4052: result: /bin/grep -E
configure:4058: checking whether gcc needs -traditional
configure:4100: result: no
configure:4116: checking dependency style of gcc
configure:4207: result: gcc3
configure:4223: checking for ANSI C header files
configure:4253: gcc -c -g -O2  conftest.c >&5
configure:4259: $? = 0
configure:4358: gcc -o conftest -g -O2   conftest.c  >&5
configure:4361: $? = 0
configure:4367: ./conftest
configure:4370: $? = 0
configure:4387: result: yes
configure:4411: checking for sys/types.h
configure:4432: gcc -c -g -O2  conftest.c >&5
configure:4438: $? = 0
configure:4454: result: yes
configure:4411: checking for sys/stat.h
configure:4432: gcc -c -g -O2  conftest.c >&5
configure:4438: $? = 0
configure:4454: result: yes
configure:4411: checking for stdlib.h
configure:4432: gcc -c -g -O2  conftest.c >&5
configure:4438: $? = 0
configure:4454: result: yes
configure:4411: checking for string.h
configure:4432: gcc -c -g -O2  conftest.c >&5
configure:4438: $? = 0
configure:4454: result: yes
configure:4411: checking for memory.h
configure:4432: gcc -c -g -O2  conftest.c >&5
configure:4438: $? = 0
configure:4454: result: yes
configure:4411: checking for strings.h
configure:4432: gcc -c -g -O2  conftest.c >&5
configure:4438: $? = 0
configure:4454: result: yes
configure:4411: checking for inttypes.h
configure:4432: gcc -c -g -O2  conftest.c >&5
configure:4438: $? = 0
configure:4454: result: yes
configure:4411: checking for stdint.h
configure:4432: gcc -c -g -O2  conftest.c >&5
configure:4438: $? = 0
configure:4454: result: yes
configure:4411: checking for unistd.h
configure:4432: gcc -c -g -O2  conftest.c >&5
configure:4438: $? = 0
configure:4454: result: yes
configure:4484: checking sys/time.h usability
configure:4501: gcc -c -g -O2  conftest.c >&5
configure:4507: $? = 0
configure:4521: result: yes
configure:4525: checking sys/time.h presence
configure:4540: gcc -E  conftest.c
configure:4546: $? = 0
configure:4560: result: yes
configure:4588: checking for sys/time.h
configure:4596: result: yes
configure:4484: checking time.h usability
configure:4501: gcc -c -g -O2  conftest.c >&5
configure:4507: $? = 0
configure:4521: result: yes
configure:4525: checking time.h presence
configure:4540: gcc -E  conftest.c
configure:4546: $? = 0
configure:4560: result: yes
configure:4588: checking for time.h
configure:4596: result: yes
configure:4484: checking sys/timeb.h usability
configure:4501: gcc -c -g -O2  conftest.c >&5
configure:4507: $? = 0
configure:4521: result: yes
configure:4525: checking sys/timeb.h presence
configure:4540: gcc -E  conftest.c
configure:4546: $? = 0
configure:4560: result: yes
configure:4588: checking for sys/timeb.h
configure:4596: result: yes
configure:4484: checking io.h usability
configure:4501: gcc -c -g -O2  conftest.c >&5
conftest.c:56:16: fatal error: io.h: No such file or directory
 #include <io.h>
                ^
compilation terminated.
configure:4507: $? = 1
configure: failed program was:
| /* confdefs.h.  */
| #define PACKAGE_NAME "libmpeg2"
| #define PACKAGE_TARNAME "libmpeg2"
| #define PACKAGE_VERSION "0.5.1"
| #define PACKAGE_STRING "libmpeg2 0.5.1"
| #define PACKAGE_BUGREPORT ""
| #define PACKAGE "libmpeg2"
| #define VERSION "0.5.1"
| #define STDC_HEADERS 1
| #define HAVE_SYS_TYPES_H 1
| #define HAVE_SYS_STAT_H 1
| #define HAVE_STDLIB_H 1
| #define HAVE_STRING_H 1
| #define HAVE_MEMORY_H 1
| #define HAVE_STRINGS_H 1
| #define HAVE_INTTYPES_H 1
| #define HAVE_STDINT_H 1
| #define HAVE_UNISTD_H 1
| #define HAVE_SYS_TIME_H 1
| #define HAVE_TIME_H 1
| #define HAVE_SYS_TIMEB_H 1
| /* end confdefs.h.  */
| #include <stdio.h>
| #ifdef HAVE_SYS_TYPES_H
| # include <sys/types.h>
| #endif
| #ifdef HAVE_SYS_STAT_H
| # include <sys/stat.h>
| #endif
| #ifdef STDC_HEADERS
| # include <stdlib.h>
| # include <stddef.h>
| #else
| # ifdef HAVE_STDLIB_H
| #  include <stdlib.h>
| # endif
| #endif
| #ifdef HAVE_STRING_H
| # if !defined STDC_HEADERS && defined HAVE_MEMORY_H
| #  include <memory.h>
| # endif
| # include <string.h>
| #endif
| #ifdef HAVE_STRINGS_H
| # include <strings.h>
| #endif
| #ifdef HAVE_INTTYPES_H
| # include <inttypes.h>
| #endif
| #ifdef HAVE_STDINT_H
| # include <stdint.h>
| #endif
| #ifdef HAVE_UNISTD_H
| # include <unistd.h>
| #endif
| #include <io.h>
configure:4521: result: no
configure:4525: checking io.h presence
configure:4540: gcc -E  conftest.c
conftest.c:23:16: fatal error: io.h: No such file or directory
 #include <io.h>
                ^
compilation terminated.
configure:4546: $? = 1
configure: failed program was:
| /* confdefs.h.  */
| #define PACKAGE_NAME "libmpeg2"
| #define PACKAGE_TARNAME "libmpeg2"
| #define PACKAGE_VERSION "0.5.1"
| #define PACKAGE_STRING "libmpeg2 0.5.1"
| #define PACKAGE_BUGREPORT ""
| #define PACKAGE "libmpeg2"
| #define VERSION "0.5.1"
| #define STDC_HEADERS 1
| #define HAVE_SYS_TYPES_H 1
| #define HAVE_SYS_STAT_H 1
| #define HAVE_STDLIB_H 1
| #define HAVE_STRING_H 1
| #define HAVE_MEMORY_H 1
| #define HAVE_STRINGS_H 1
| #define HAVE_INTTYPES_H 1
| #define HAVE_STDINT_H 1
| #define HAVE_UNISTD_H 1
| #define HAVE_SYS_TIME_H 1
| #define HAVE_TIME_H 1
| #define HAVE_SYS_TIMEB_H 1
| /* end confdefs.h.  */
| #include <io.h>
configure:4560: result: no
configure:4588: checking for io.h
configure:4596: result: no
configure:4618: checking if gcc supports  -Wall -Wpointer-arith -Wcast-align -Wcast-qual -Wstrict-prototypes -Wshadow -Waggregate-return -Wmissing-prototypes -Wnested-externs -Wsign-compare -g -O2 flags
configure:4643: gcc -c  -Wall -Wpointer-arith -Wcast-align -Wcast-qual -Wstrict-prototypes -Wshadow -Waggregate-return -Wmissing-prototypes -Wnested-externs -Wsign-compare -g -O2  conftest.c >&5
conftest.c:25:1: warning: function declaration isn't a prototype [-Wstrict-prototypes]
 main ()
 ^
configure:4649: $? = 0
configure:4664: result: yes
configure:4676: checking if gcc supports  -Wall -Wpointer-arith -Wcast-align -Wcast-qual -Wstrict-prototypes -Wshadow -Waggregate-return -Wmissing-prototypes -Wnested-externs -Wsign-compare -g  -O3 flags
configure:4701: gcc -c  -Wall -Wpointer-arith -Wcast-align -Wcast-qual -Wstrict-prototypes -Wshadow -Waggregate-return -Wmissing-prototypes -Wnested-externs -Wsign-compare -g  -O3  conftest.c >&5
conftest.c:25:1: warning: function declaration isn't a prototype [-Wstrict-prototypes]
 main ()
 ^
configure:4707: $? = 0
configure:4722: result: yes
configure:4743: checking if gcc supports  -Wall -Wpointer-arith -Wcast-align -Wcast-qual -Wstrict-prototypes -Wshadow -Waggregate-return -Wmissing-prototypes -Wnested-externs -Wsign-compare -g  -O3 -fomit-frame-pointer -g -O2 flags
configure:4768: gcc -c  -Wall -Wpointer-arith -Wcast-align -Wcast-qual -Wstrict-prototypes -Wshadow -Waggregate-return -Wmissing-prototypes -Wnested-externs -Wsign-compare -g  -O3 -fomit-frame-pointer -g -O2  conftest.c >&5
conftest.c:25:1: warning: function declaration isn't a prototype [-Wstrict-prototypes]
 main ()
 ^
configure:4774: $? = 0
configure:4789: result: yes
configure:4799: checking if gcc supports  -Wall -Wpointer-arith -Wcast-align -Wcast-qual -Wstrict-prototypes -Wshadow -Waggregate-return -Wmissing-prototypes -Wnested-externs -Wsign-compare -g  -O3 -fomit-frame-pointer -fno-common -g -O2 flags
configure:4824: gcc -c  -Wall -Wpointer-arith -Wcast-align -Wcast-qual -Wstrict-prototypes -Wshadow -Waggregate-return -Wmissing-prototypes -Wnested-externs -Wsign-compare -g  -O3 -fomit-frame-pointer -fno-common -g -O2  conftest.c >&5
conftest.c:25:1: warning: function declaration isn't a prototype [-Wstrict-prototypes]
 main ()
 ^
configure:4830: $? = 0
configure:4845: result: yes
configure:4868: checking if gcc supports  -Wall -Wpointer-arith -Wcast-align -Wcast-qual -Wstrict-prototypes -Wshadow -Waggregate-return -Wmissing-prototypes -Wnested-externs -Wsign-compare -g  -O3 -fomit-frame-pointer -fno-common -g -O2 flags
configure:4893: gcc -c  -Wall -Wpointer-arith -Wcast-align -Wcast-qual -Wstrict-prototypes -Wshadow -Waggregate-return -Wmissing-prototypes -Wnested-externs -Wsign-compare -g  -O3 -fomit-frame-pointer -fno-common -g -O2  conftest.c >&5
conftest.c:26:1: warning: function declaration isn't a prototype [-Wstrict-prototypes]
 main ()
 ^
configure:4899: $? = 0
configure:4914: result: yes
configure:5305: checking for a sed that does not truncate output
configure:5361: result: /bin/sed
configure:5375: checking for ld used by gcc
configure:5442: result: /usr/bin/ld
configure:5451: checking if the linker (/usr/bin/ld) is GNU ld
configure:5466: result: yes
configure:5471: checking for /usr/bin/ld option to reload object files
configure:5478: result: -r
configure:5496: checking for BSD-compatible nm
configure:5545: result: nm
configure:5549: checking whether ln -s works
configure:5553: result: yes
configure:5560: checking how to recognize dependent libraries
configure:5746: result: unknown
configure:6290: checking dlfcn.h usability
configure:6307: gcc -c -g -O2  conftest.c >&5
configure:6313: $? = 0
configure:6327: result: yes
configure:6331: checking dlfcn.h presence
configure:6346: gcc -E  conftest.c
configure:6352: $? = 0
configure:6366: result: yes
configure:6394: checking for dlfcn.h
configure:6402: result: yes
configure:6429: checking for x86_64-aros-g++
configure:6459: result: no
configure:6429: checking for x86_64-aros-c++
configure:6459: result: no
configure:6429: checking for x86_64-aros-gpp
configure:6459: result: no
configure:6429: checking for x86_64-aros-aCC
configure:6459: result: no
configure:6429: checking for x86_64-aros-CC
configure:6459: result: no
configure:6429: checking for x86_64-aros-cxx
configure:6459: result: no
configure:6429: checking for x86_64-aros-cc++
configure:6459: result: no
configure:6429: checking for x86_64-aros-cl.exe
configure:6459: result: no
configure:6429: checking for x86_64-aros-FCC
configure:6459: result: no
configure:6429: checking for x86_64-aros-KCC
configure:6459: result: no
configure:6429: checking for x86_64-aros-RCC
configure:6459: result: no
configure:6429: checking for x86_64-aros-xlC_r
configure:6459: result: no
configure:6429: checking for x86_64-aros-xlC
configure:6459: result: no
configure:6473: checking for g++
configure:6489: found /usr/bin/g++
configure:6500: result: g++
configure:6531: checking for C++ compiler version
configure:6538: g++ --version >&5
g++ (Debian 4.9.2-10) 4.9.2
Copyright (C) 2014 Free Software Foundation, Inc.
This is free software; see the source for copying conditions.  There is NO
warranty; not even for MERCHANTABILITY or FITNESS FOR A PARTICULAR PURPOSE.

configure:6541: $? = 0
configure:6548: g++ -v >&5
Using built-in specs.
COLLECT_GCC=g++
COLLECT_LTO_WRAPPER=/usr/lib/gcc/x86_64-linux-gnu/4.9/lto-wrapper
Target: x86_64-linux-gnu
Configured with: ../src/configure -v --with-pkgversion='Debian 4.9.2-10' --with-bugurl=file:///usr/share/doc/gcc-4.9/README.Bugs --enable-languages=c,c++,java,go,d,fortran,objc,obj-c++ --prefix=/usr --program-suffix=-4.9 --enable-shared --enable-linker-build-id --libexecdir=/usr/lib --without-included-gettext --enable-threads=posix --with-gxx-include-dir=/usr/include/c++/4.9 --libdir=/usr/lib --enable-nls --with-sysroot=/ --enable-clocale=gnu --enable-libstdcxx-debug --enable-libstdcxx-time=yes --enable-gnu-unique-object --disable-vtable-verify --enable-plugin --with-system-zlib --disable-browser-plugin --enable-java-awt=gtk --enable-gtk-cairo --with-java-home=/usr/lib/jvm/java-1.5.0-gcj-4.9-amd64/jre --enable-java-home --with-jvm-root-dir=/usr/lib/jvm/java-1.5.0-gcj-4.9-amd64 --with-jvm-jar-dir=/usr/lib/jvm-exports/java-1.5.0-gcj-4.9-amd64 --with-arch-directory=amd64 --with-ecj-jar=/usr/share/java/eclipse-ecj.jar --enable-objc-gc --enable-multiarch --with-arch-32=i586 --with-abi=m64 --with-multilib-list=m32,m64,mx32 --enable-multilib --with-tune=generic --enable-checking=release --build=x86_64-linux-gnu --host=x86_64-linux-gnu --target=x86_64-linux-gnu
Thread model: posix
gcc version 4.9.2 (Debian 4.9.2-10) 
configure:6551: $? = 0
configure:6558: g++ -V >&5
g++: error: unrecognized command line option '-V'
g++: fatal error: no input files
compilation terminated.
configure:6561: $? = 4
configure:6564: checking whether we are using the GNU C++ compiler
configure:6593: g++ -c   conftest.cpp >&5
configure:6599: $? = 0
configure:6616: result: yes
configure:6621: checking whether g++ accepts -g
configure:6651: g++ -c -g  conftest.cpp >&5
configure:6657: $? = 0
configure:6756: result: yes
configure:6781: checking dependency style of g++
configure:6872: result: gcc3
configure:6897: checking how to run the C++ preprocessor
configure:6933: g++ -E  conftest.cpp
configure:6939: $? = 0
configure:6970: g++ -E  conftest.cpp
conftest.cpp:25:28: fatal error: ac_nonexistent.h: No such file or directory
 #include <ac_nonexistent.h>
                            ^
compilation terminated.
configure:6976: $? = 1
configure: failed program was:
| /* confdefs.h.  */
| #define PACKAGE_NAME "libmpeg2"
| #define PACKAGE_TARNAME "libmpeg2"
| #define PACKAGE_VERSION "0.5.1"
| #define PACKAGE_STRING "libmpeg2 0.5.1"
| #define PACKAGE_BUGREPORT ""
| #define PACKAGE "libmpeg2"
| #define VERSION "0.5.1"
| #define STDC_HEADERS 1
| #define HAVE_SYS_TYPES_H 1
| #define HAVE_SYS_STAT_H 1
| #define HAVE_STDLIB_H 1
| #define HAVE_STRING_H 1
| #define HAVE_MEMORY_H 1
| #define HAVE_STRINGS_H 1
| #define HAVE_INTTYPES_H 1
| #define HAVE_STDINT_H 1
| #define HAVE_UNISTD_H 1
| #define HAVE_SYS_TIME_H 1
| #define HAVE_TIME_H 1
| #define HAVE_SYS_TIMEB_H 1
| #define ARCH_X86
| #define HAVE_DLFCN_H 1
| /* end confdefs.h.  */
| #include <ac_nonexistent.h>
configure:7009: result: g++ -E
configure:7038: g++ -E  conftest.cpp
configure:7044: $? = 0
configure:7075: g++ -E  conftest.cpp
conftest.cpp:25:28: fatal error: ac_nonexistent.h: No such file or directory
 #include <ac_nonexistent.h>
                            ^
compilation terminated.
configure:7081: $? = 1
configure: failed program was:
| /* confdefs.h.  */
| #define PACKAGE_NAME "libmpeg2"
| #define PACKAGE_TARNAME "libmpeg2"
| #define PACKAGE_VERSION "0.5.1"
| #define PACKAGE_STRING "libmpeg2 0.5.1"
| #define PACKAGE_BUGREPORT ""
| #define PACKAGE "libmpeg2"
| #define VERSION "0.5.1"
| #define STDC_HEADERS 1
| #define HAVE_SYS_TYPES_H 1
| #define HAVE_SYS_STAT_H 1
| #define HAVE_STDLIB_H 1
| #define HAVE_STRING_H 1
| #define HAVE_MEMORY_H 1
| #define HAVE_STRINGS_H 1
| #define HAVE_INTTYPES_H 1
| #define HAVE_STDINT_H 1
| #define HAVE_UNISTD_H 1
| #define HAVE_SYS_TIME_H 1
| #define HAVE_TIME_H 1
| #define HAVE_SYS_TIMEB_H 1
| #define ARCH_X86
| #define HAVE_DLFCN_H 1
| /* end confdefs.h.  */
| #include <ac_nonexistent.h>
configure:7130: checking for x86_64-aros-g77
configure:7160: result: no
configure:7130: checking for x86_64-aros-xlf
configure:7160: result: no
configure:7130: checking for x86_64-aros-f77
configure:7160: result: no
configure:7130: checking for x86_64-aros-frt
configure:7160: result: no
configure:7130: checking for x86_64-aros-pgf77
configure:7160: result: no
configure:7130: checking for x86_64-aros-cf77
configure:7160: result: no
configure:7130: checking for x86_64-aros-fort77
configure:7160: result: no
configure:7130: checking for x86_64-aros-fl32
configure:7160: result: no
configure:7130: checking for x86_64-aros-af77
configure:7160: result: no
configure:7130: checking for x86_64-aros-xlf90
configure:7160: result: no
configure:7130: checking for x86_64-aros-f90
configure:7160: result: no
configure:7130: checking for x86_64-aros-pgf90
configure:7160: result: no
configure:7130: checking for x86_64-aros-pghpf
configure:7160: result: no
configure:7130: checking for x86_64-aros-epcf90
configure:7160: result: no
configure:7130: checking for x86_64-aros-gfortran
configure:7160: result: no
configure:7130: checking for x86_64-aros-g95
configure:7160: result: no
configure:7130: checking for x86_64-aros-xlf95
configure:7160: result: no
configure:7130: checking for x86_64-aros-f95
configure:7160: result: no
configure:7130: checking for x86_64-aros-fort
configure:7160: result: no
configure:7130: checking for x86_64-aros-ifort
configure:7160: result: no
configure:7130: checking for x86_64-aros-ifc
configure:7160: result: no
configure:7130: checking for x86_64-aros-efc
configure:7160: result: no
configure:7130: checking for x86_64-aros-pgf95
configure:7160: result: no
configure:7130: checking for x86_64-aros-lf95
configure:7160: result: no
configure:7130: checking for x86_64-aros-ftn
configure:7160: result: no
configure:7174: checking for g77
configure:7204: result: no
configure:7174: checking for xlf
configure:7204: result: no
configure:7174: checking for f77
configure:7190: found /usr/bin/f77
configure:7201: result: f77
configure:7231: checking for Fortran 77 compiler version
configure:7238: f77 --version >&5
GNU Fortran (Debian 4.9.2-10) 4.9.2
Copyright (C) 2014 Free Software Foundation, Inc.

GNU Fortran comes with NO WARRANTY, to the extent permitted by law.
You may redistribute copies of GNU Fortran
under the terms of the GNU General Public License.
For more information about these matters, see the file named COPYING

configure:7241: $? = 0
configure:7248: f77 -v >&5
Using built-in specs.
COLLECT_GCC=f77
COLLECT_LTO_WRAPPER=/usr/lib/gcc/x86_64-linux-gnu/4.9/lto-wrapper
Target: x86_64-linux-gnu
Configured with: ../src/configure -v --with-pkgversion='Debian 4.9.2-10' --with-bugurl=file:///usr/share/doc/gcc-4.9/README.Bugs --enable-languages=c,c++,java,go,d,fortran,objc,obj-c++ --prefix=/usr --program-suffix=-4.9 --enable-shared --enable-linker-build-id --libexecdir=/usr/lib --without-included-gettext --enable-threads=posix --with-gxx-include-dir=/usr/include/c++/4.9 --libdir=/usr/lib --enable-nls --with-sysroot=/ --enable-clocale=gnu --enable-libstdcxx-debug --enable-libstdcxx-time=yes --enable-gnu-unique-object --disable-vtable-verify --enable-plugin --with-system-zlib --disable-browser-plugin --enable-java-awt=gtk --enable-gtk-cairo --with-java-home=/usr/lib/jvm/java-1.5.0-gcj-4.9-amd64/jre --enable-java-home --with-jvm-root-dir=/usr/lib/jvm/java-1.5.0-gcj-4.9-amd64 --with-jvm-jar-dir=/usr/lib/jvm-exports/java-1.5.0-gcj-4.9-amd64 --with-arch-directory=amd64 --with-ecj-jar=/usr/share/java/eclipse-ecj.jar --enable-objc-gc --enable-multiarch --with-arch-32=i586 --with-abi=m64 --with-multilib-list=m32,m64,mx32 --enable-multilib --with-tune=generic --enable-checking=release --build=x86_64-linux-gnu --host=x86_64-linux-gnu --target=x86_64-linux-gnu
Thread model: posix
gcc version 4.9.2 (Debian 4.9.2-10) 
configure:7251: $? = 0
configure:7258: f77 -V >&5
f77: error: unrecognized command line option '-V'
f77: fatal error: no input files
compilation terminated.
configure:7261: $? = 4
configure:7269: checking whether we are using the GNU Fortran 77 compiler
configure:7288: f77 -c  conftest.F >&5
configure:7294: $? = 0
configure:7311: result: yes
configure:7317: checking whether f77 accepts -g
configure:7334: f77 -c -g conftest.f >&5
configure:7340: $? = 0
configure:7356: result: yes
configure:7385: checking the maximum length of command line arguments
configure:7497: result: 1572864
configure:7509: checking command to parse nm output from gcc object
configure:7614: gcc -c -g -O2  conftest.c >&5
configure:7617: $? = 0
configure:7621: nm conftest.o \| sed -n -e 's/^.*[ 	]\([ABCDGIRSTW][ABCDGIRSTW]*\)[ 	][ 	]*\([_A-Za-z][_A-Za-z0-9]*\)$/\1 \2 \2/p' \> conftest.nm
configure:7624: $? = 0
configure:7676: gcc -o conftest -g -O2   conftest.c conftstm.o >&5
configure:7679: $? = 0
configure:7717: result: ok
configure:7721: checking for objdir
configure:7736: result: .libs
configure:7788: checking for x86_64-aros-ar
configure:7818: result: no
configure:7828: checking for ar
configure:7844: found /usr/bin/ar
configure:7855: result: ar
configure:7884: checking for x86_64-aros-ranlib
configure:7914: result: no
configure:7924: checking for ranlib
configure:7940: found /usr/bin/ranlib
configure:7951: result: ranlib
configure:7980: checking for x86_64-aros-strip
configure:8007: result: strip
configure:8645: checking if gcc supports -fno-rtti -fno-exceptions
configure:8663: gcc -c -g -O2  -fno-rtti -fno-exceptions conftest.c >&5
cc1: warning: command line option '-fno-rtti' is valid for C++/ObjC++ but not for C
configure:8667: $? = 0
configure:8680: result: no
configure:8695: checking for gcc option to produce PIC
configure:8927: result: -fPIC
configure:8935: checking if gcc PIC flag -fPIC works
configure:8953: gcc -c -g -O2  -fPIC -DPIC conftest.c >&5
configure:8957: $? = 0
configure:8970: result: yes
configure:8998: checking if gcc static flag -static works
configure:9026: result: yes
configure:9036: checking if gcc supports -c -o file.o
configure:9057: gcc -c -g -O2  -o out/conftest2.o conftest.c >&5
configure:9061: $? = 0
configure:9083: result: yes
configure:9109: checking whether the gcc linker (/usr/bin/ld) supports shared libraries
configure:10090: result: yes
configure:10111: checking whether -lc should be explicitly linked in
configure:10116: gcc -c -g -O2  conftest.c >&5
configure:10119: $? = 0
configure:10134: gcc -shared conftest.o  -v -Wl,-soname -Wl,conftest -o conftest 2\>\&1 \| grep  -lc  \>/dev/null 2\>\&1
configure:10137: $? = 0
configure:10149: result: no
configure:10157: checking dynamic linker characteristics
configure:10771: result: no
configure:10795: checking how to hardcode library paths into programs
configure:10820: result: immediate
configure:10834: checking whether stripping libraries is possible
configure:10839: result: yes
configure:11641: checking if libtool supports shared libraries
configure:11643: result: no
configure:11646: checking whether to build shared libraries
configure:11667: result: no
configure:11670: checking whether to build static libraries
configure:11674: result: yes
configure:11768: creating libtool
configure:12361: checking for ld used by g++
configure:12428: result: /usr/bin/ld
configure:12437: checking if the linker (/usr/bin/ld) is GNU ld
configure:12452: result: yes
configure:12503: checking whether the g++ linker (/usr/bin/ld) supports shared libraries
configure:13449: result: no
configure:13466: g++ -c -g -O2  conftest.cpp >&5
configure:13469: $? = 0
configure:13625: checking for g++ option to produce PIC
configure:13909: result: -fPIC
configure:13917: checking if g++ PIC flag -fPIC works
configure:13935: g++ -c -g -O2  -fPIC -DPIC conftest.cpp >&5
configure:13939: $? = 0
configure:13952: result: yes
configure:13980: checking if g++ static flag -static works
configure:14008: result: yes
configure:14018: checking if g++ supports -c -o file.o
configure:14039: g++ -c -g -O2  -o out/conftest2.o conftest.cpp >&5
configure:14043: $? = 0
configure:14065: result: yes
configure:14091: checking whether the g++ linker (/usr/bin/ld) supports shared libraries
configure:14120: result: no
configure:14187: checking dynamic linker characteristics
configure:14749: result: no
configure:14773: checking how to hardcode library paths into programs
configure:14798: result: immediate
configure:15337: checking if libtool supports shared libraries
configure:15339: result: no
configure:15342: checking whether to build shared libraries
configure:15362: result: no
configure:15365: checking whether to build static libraries
configure:15369: result: yes
configure:15379: checking for f77 option to produce PIC
configure:15611: result: -fPIC
configure:15619: checking if f77 PIC flag -fPIC works
configure:15637: f77 -c -g -O2 -fPIC conftest.f >&5
configure:15641: $? = 0
configure:15654: result: yes
configure:15682: checking if f77 static flag -static works
configure:15710: result: yes
configure:15720: checking if f77 supports -c -o file.o
configure:15741: f77 -c -g -O2 -o out/conftest2.o conftest.f >&5
configure:15745: $? = 0
configure:15767: result: yes
configure:15793: checking whether the f77 linker (/usr/bin/ld) supports shared libraries
configure:16754: result: yes
configure:16821: checking dynamic linker characteristics
configure:17383: result: no
configure:17407: checking how to hardcode library paths into programs
configure:17432: result: immediate
configure:21049: checking whether time.h and sys/time.h may both be included
configure:21079: gcc -c -g -O2  conftest.c >&5
configure:21085: $? = 0
configure:21100: result: yes
configure:21110: checking for struct timeval
configure:21142: gcc -c -g -O2  conftest.c >&5
configure:21148: $? = 0
configure:21163: result: yes
configure:21176: checking for inttypes.h
configure:21181: result: yes
configure:24074: checking for an ANSI C-conforming const
configure:24149: gcc -c -g -O2  conftest.c >&5
configure:24155: $? = 0
configure:24170: result: yes
configure:24180: checking for inline
configure:24206: gcc -c -g -O2  conftest.c >&5
configure:24212: $? = 0
configure:24230: result: inline
configure:24250: checking for always_inline
configure:24278: gcc -c -g -O2 -Wall -Werror  conftest.c >&5
configure:24284: $? = 0
configure:24299: result: yes
configure:24308: checking for restrict
configure:24333: gcc -c -g -O2  conftest.c >&5
conftest.c: In function 'main':
conftest.c:32:17: error: expected '=', ',', ';', 'asm' or '__attribute__' before 'p'
 char * restrict p;
                 ^
conftest.c:32:17: error: 'p' undeclared (first use in this function)
conftest.c:32:17: note: each undeclared identifier is reported only once for each function it appears in
configure:24339: $? = 1
configure: failed program was:
| /* confdefs.h.  */
| #define PACKAGE_NAME "libmpeg2"
| #define PACKAGE_TARNAME "libmpeg2"
| #define PACKAGE_VERSION "0.5.1"
| #define PACKAGE_STRING "libmpeg2 0.5.1"
| #define PACKAGE_BUGREPORT ""
| #define PACKAGE "libmpeg2"
| #define VERSION "0.5.1"
| #define STDC_HEADERS 1
| #define HAVE_SYS_TYPES_H 1
| #define HAVE_SYS_STAT_H 1
| #define HAVE_STDLIB_H 1
| #define HAVE_STRING_H 1
| #define HAVE_MEMORY_H 1
| #define HAVE_STRINGS_H 1
| #define HAVE_INTTYPES_H 1
| #define HAVE_STDINT_H 1
| #define HAVE_UNISTD_H 1
| #define HAVE_SYS_TIME_H 1
| #define HAVE_TIME_H 1
| #define HAVE_SYS_TIMEB_H 1
| #define ARCH_X86
| #define HAVE_DLFCN_H 1
| #define TIME_WITH_SYS_TIME 1
| #define HAVE_STRUCT_TIMEVAL 1
| #define inline __attribute__ ((__always_inline__))
| /* end confdefs.h.  */
| 
| int
| main ()
| {
| char * restrict p;
|   ;
|   return 0;
| }
configure:24333: gcc -c -g -O2  conftest.c >&5
configure:24339: $? = 0
configure:24354: result: __restrict__
configure:24368: checking for __builtin_expect
configure:24383: gcc -g -O2 -nostdlib -nostartfiles
            -o conftest conftest.c -lgcc >&5
/usr/bin/ld: warning: cannot find entry symbol _start; defaulting to 0000000000400150
configure:24386: $? = 0
configure:24394: result: yes
configure:24403: checking whether byte ordering is bigendian
configure:24436: gcc -c -g -O2  conftest.c >&5
configure:24442: $? = 0
configure:24474: gcc -c -g -O2  conftest.c >&5
conftest.c: In function 'main':
conftest.c:37:2: error: unknown type name 'not'
  not big endian
  ^
conftest.c:37:10: error: expected '=', ',', ';', 'asm' or '__attribute__' before 'endian'
  not big endian
          ^
configure:24480: $? = 1
configure: failed program was:
| /* confdefs.h.  */
| #define PACKAGE_NAME "libmpeg2"
| #define PACKAGE_TARNAME "libmpeg2"
| #define PACKAGE_VERSION "0.5.1"
| #define PACKAGE_STRING "libmpeg2 0.5.1"
| #define PACKAGE_BUGREPORT ""
| #define PACKAGE "libmpeg2"
| #define VERSION "0.5.1"
| #define STDC_HEADERS 1
| #define HAVE_SYS_TYPES_H 1
| #define HAVE_SYS_STAT_H 1
| #define HAVE_STDLIB_H 1
| #define HAVE_STRING_H 1
| #define HAVE_MEMORY_H 1
| #define HAVE_STRINGS_H 1
| #define HAVE_INTTYPES_H 1
| #define HAVE_STDINT_H 1
| #define HAVE_UNISTD_H 1
| #define HAVE_SYS_TIME_H 1
| #define HAVE_TIME_H 1
| #define HAVE_SYS_TIMEB_H 1
| #define ARCH_X86
| #define HAVE_DLFCN_H 1
| #define TIME_WITH_SYS_TIME 1
| #define HAVE_STRUCT_TIMEVAL 1
| #define inline __attribute__ ((__always_inline__))
| #define restrict __restrict__
| #define HAVE_BUILTIN_EXPECT
| /* end confdefs.h.  */
| #include <sys/types.h>
| #include <sys/param.h>
| 
| int
| main ()
| {
| #if BYTE_ORDER != BIG_ENDIAN
|  not big endian
| #endif
| 
|   ;
|   return 0;
| }
configure:24620: result: no
configure:24639: checking for working volatile
configure:24668: gcc -c -g -O2  conftest.c >&5
configure:24674: $? = 0
configure:24689: result: yes
configure:24699: checking for size_t
configure:24729: gcc -c -g -O2  conftest.c >&5
configure:24735: $? = 0
configure:24750: result: yes
configure:24762: checking return type of signal handlers
configure:24790: gcc -c -g -O2  conftest.c >&5
conftest.c: In function 'main':
conftest.c:36:1: error: void value not ignored as it ought to be
 return *(signal (0, 0)) (0) == 1;
 ^
configure:24796: $? = 1
configure: failed program was:
| /* confdefs.h.  */
| #define PACKAGE_NAME "libmpeg2"
| #define PACKAGE_TARNAME "libmpeg2"
| #define PACKAGE_VERSION "0.5.1"
| #define PACKAGE_STRING "libmpeg2 0.5.1"
| #define PACKAGE_BUGREPORT ""
| #define PACKAGE "libmpeg2"
| #define VERSION "0.5.1"
| #define STDC_HEADERS 1
| #define HAVE_SYS_TYPES_H 1
| #define HAVE_SYS_STAT_H 1
| #define HAVE_STDLIB_H 1
| #define HAVE_STRING_H 1
| #define HAVE_MEMORY_H 1
| #define HAVE_STRINGS_H 1
| #define HAVE_INTTYPES_H 1
| #define HAVE_STDINT_H 1
| #define HAVE_UNISTD_H 1
| #define HAVE_SYS_TIME_H 1
| #define HAVE_TIME_H 1
| #define HAVE_SYS_TIMEB_H 1
| #define ARCH_X86
| #define HAVE_DLFCN_H 1
| #define TIME_WITH_SYS_TIME 1
| #define HAVE_STRUCT_TIMEVAL 1
| #define inline __attribute__ ((__always_inline__))
| #define restrict __restrict__
| #define HAVE_BUILTIN_EXPECT
| /* end confdefs.h.  */
| #include <sys/types.h>
| #include <signal.h>
| 
| int
| main ()
| {
| return *(signal (0, 0)) (0) == 1;
|   ;
|   return 0;
| }
configure:24811: result: void
configure:24826: checking for special C compiler options needed for large files
configure:24919: result: no
configure:24925: checking for _FILE_OFFSET_BITS value needed for large files
configure:24960: gcc -c -g -O2  conftest.c >&5
configure:24966: $? = 0
configure:25034: result: no
configure:25175: checking for gettimeofday
configure:25231: gcc -o conftest -g -O2   conftest.c  >&5
configure:25237: $? = 0
configure:25255: result: yes
configure:25175: checking for ftime
configure:25231: gcc -o conftest -g -O2   conftest.c  >&5
configure:25237: $? = 0
configure:25255: result: yes
configure:25304: checking for X
configure:25419: gcc -E  conftest.c
configure:25425: $? = 0
configure:25474: gcc -o conftest -g -O2   conftest.c -lX11  >&5
configure:25480: $? = 0
configure:25539: result: libraries , headers 
configure:25700: gcc -o conftest -g -O2   conftest.c   -lX11 >&5
configure:25706: $? = 0
configure:25863: checking for gethostbyname
configure:25919: gcc -o conftest -g -O2   conftest.c  >&5
configure:25925: $? = 0
configure:25942: result: yes
configure:26087: checking for connect
configure:26143: gcc -o conftest -g -O2   conftest.c  >&5
configure:26149: $? = 0
configure:26166: result: yes
configure:26238: checking for remove
configure:26294: gcc -o conftest -g -O2   conftest.c  >&5
configure:26300: $? = 0
configure:26317: result: yes
configure:26389: checking for shmat
configure:26445: gcc -o conftest -g -O2   conftest.c  >&5
configure:26451: $? = 0
configure:26468: result: yes
configure:26549: checking for IceConnectionNumber in -lICE
configure:26584: gcc -o conftest -g -O2   conftest.c -lICE   >&5
configure:26590: $? = 0
configure:26608: result: yes
configure:26619: checking for XShmCreateImage in -lXext
configure:26654: gcc -o conftest -g -O2   conftest.c -lXext  -lSM -lICE   -lX11  >&5
configure:26660: $? = 0
configure:26678: result: yes
configure:26688: checking for XvShmCreateImage in -lXv
configure:26723: gcc -o conftest -g -O2   conftest.c -lXv  -lSM -lICE   -lXext -lX11  >&5
configure:26729: $? = 0
configure:26747: result: yes
configure:26778: checking ddraw.h usability
configure:26795: gcc -c -g -O2  conftest.c >&5
conftest.c:69:19: fatal error: ddraw.h: No such file or directory
 #include <ddraw.h>
                   ^
compilation terminated.
configure:26801: $? = 1
configure: failed program was:
| /* confdefs.h.  */
| #define PACKAGE_NAME "libmpeg2"
| #define PACKAGE_TARNAME "libmpeg2"
| #define PACKAGE_VERSION "0.5.1"
| #define PACKAGE_STRING "libmpeg2 0.5.1"
| #define PACKAGE_BUGREPORT ""
| #define PACKAGE "libmpeg2"
| #define VERSION "0.5.1"
| #define STDC_HEADERS 1
| #define HAVE_SYS_TYPES_H 1
| #define HAVE_SYS_STAT_H 1
| #define HAVE_STDLIB_H 1
| #define HAVE_STRING_H 1
| #define HAVE_MEMORY_H 1
| #define HAVE_STRINGS_H 1
| #define HAVE_INTTYPES_H 1
| #define HAVE_STDINT_H 1
| #define HAVE_UNISTD_H 1
| #define HAVE_SYS_TIME_H 1
| #define HAVE_TIME_H 1
| #define HAVE_SYS_TIMEB_H 1
| #define ARCH_X86
| #define HAVE_DLFCN_H 1
| #define TIME_WITH_SYS_TIME 1
| #define HAVE_STRUCT_TIMEVAL 1
| #define inline __attribute__ ((__always_inline__))
| #define restrict __restrict__
| #define HAVE_BUILTIN_EXPECT
| #define RETSIGTYPE void
| #define HAVE_GETTIMEOFDAY 1
| #define HAVE_FTIME 1
| #define ACCEL_DETECT
| #define LIBVO_X11
| #define LIBVO_XV
| /* end confdefs.h.  */
| #include <stdio.h>
| #ifdef HAVE_SYS_TYPES_H
| # include <sys/types.h>
| #endif
| #ifdef HAVE_SYS_STAT_H
| # include <sys/stat.h>
| #endif
| #ifdef STDC_HEADERS
| # include <stdlib.h>
| # include <stddef.h>
| #else
| # ifdef HAVE_STDLIB_H
| #  include <stdlib.h>
| # endif
| #endif
| #ifdef HAVE_STRING_H
| # if !defined STDC_HEADERS && defined HAVE_MEMORY_H
| #  include <memory.h>
| # endif
| # include <string.h>
| #endif
| #ifdef HAVE_STRINGS_H
| # include <strings.h>
| #endif
| #ifdef HAVE_INTTYPES_H
| # include <inttypes.h>
| #endif
| #ifdef HAVE_STDINT_H
| # include <stdint.h>
| #endif
| #ifdef HAVE_UNISTD_H
| # include <unistd.h>
| #endif
| #include <ddraw.h>
configure:26815: result: no
configure:26819: checking ddraw.h presence
configure:26834: gcc -E  conftest.c
conftest.c:36:19: fatal error: ddraw.h: No such file or directory
 #include <ddraw.h>
                   ^
compilation terminated.
configure:26840: $? = 1
configure: failed program was:
| /* confdefs.h.  */
| #define PACKAGE_NAME "libmpeg2"
| #define PACKAGE_TARNAME "libmpeg2"
| #define PACKAGE_VERSION "0.5.1"
| #define PACKAGE_STRING "libmpeg2 0.5.1"
| #define PACKAGE_BUGREPORT ""
| #define PACKAGE "libmpeg2"
| #define VERSION "0.5.1"
| #define STDC_HEADERS 1
| #define HAVE_SYS_TYPES_H 1
| #define HAVE_SYS_STAT_H 1
| #define HAVE_STDLIB_H 1
| #define HAVE_STRING_H 1
| #define HAVE_MEMORY_H 1
| #define HAVE_STRINGS_H 1
| #define HAVE_INTTYPES_H 1
| #define HAVE_STDINT_H 1
| #define HAVE_UNISTD_H 1
| #define HAVE_SYS_TIME_H 1
| #define HAVE_TIME_H 1
| #define HAVE_SYS_TIMEB_H 1
| #define ARCH_X86
| #define HAVE_DLFCN_H 1
| #define TIME_WITH_SYS_TIME 1
| #define HAVE_STRUCT_TIMEVAL 1
| #define inline __attribute__ ((__always_inline__))
| #define restrict __restrict__
| #define HAVE_BUILTIN_EXPECT
| #define RETSIGTYPE void
| #define HAVE_GETTIMEOFDAY 1
| #define HAVE_FTIME 1
| #define ACCEL_DETECT
| #define LIBVO_X11
| #define LIBVO_XV
| /* end confdefs.h.  */
| #include <ddraw.h>
configure:26854: result: no
configure:26882: checking for ddraw.h
configure:26889: result: no
configure:26927: checking for sdl-config
configure:26943: found /usr/bin/sdl-config
configure:26954: result: yes
configure:27061: checking __attribute__ ((aligned ())) support
configure:27098: gcc -c -g -O2 -Werror  conftest.c >&5
configure:27104: $? = 0
configure:27098: gcc -c -g -O2 -Werror  conftest.c >&5
configure:27104: $? = 0
configure:27098: gcc -c -g -O2 -Werror  conftest.c >&5
configure:27104: $? = 0
configure:27098: gcc -c -g -O2 -Werror  conftest.c >&5
configure:27104: $? = 0
configure:27098: gcc -c -g -O2 -Werror  conftest.c >&5
configure:27104: $? = 0
configure:27098: gcc -c -g -O2 -Werror  conftest.c >&5
configure:27104: $? = 0
configure:27120: result: 64
configure:27273: creating ./config.status

## ---------------------- ##
## Running config.status. ##
## ---------------------- ##

This file was extended by libmpeg2 config.status 0.5.1, which was
generated by GNU Autoconf 2.61.  Invocation command line was

  CONFIG_FILES    = 
  CONFIG_HEADERS  = 
  CONFIG_LINKS    = 
  CONFIG_COMMANDS = 
  $ ./config.status 

on torias

config.status:719: creating Makefile
config.status:719: creating include/Makefile
config.status:719: creating test/Makefile
config.status:719: creating doc/Makefile
config.status:719: creating src/Makefile
config.status:719: creating libmpeg2/Makefile
config.status:719: creating libmpeg2/convert/Makefile
config.status:719: creating libvo/Makefile
config.status:719: creating vc++/Makefile
config.status:719: creating libmpeg2/libmpeg2.pc
config.status:719: creating libmpeg2/convert/libmpeg2convert.pc
config.status:719: creating include/config.h
config.status:1010: executing depfiles commands

## ---------------- ##
## Cache variables. ##
## ---------------- ##

ac_cv_always_inline=yes
ac_cv_build=x86_64-unknown-linux-gnu
ac_cv_builtin_expect=yes
ac_cv_c_attr_align_try=64
ac_cv_c_attribute_aligned=64
ac_cv_c_bigendian=no
ac_cv_c_compiler_gnu=yes
ac_cv_c_const=yes
ac_cv_c_inline=inline
ac_cv_c_restrict=__restrict__
ac_cv_c_volatile=yes
ac_cv_cxx_compiler_gnu=yes
ac_cv_env_CCASFLAGS_set=
ac_cv_env_CCASFLAGS_value=
ac_cv_env_CCAS_set=
ac_cv_env_CCAS_value=
ac_cv_env_CCC_set=
ac_cv_env_CCC_value=
ac_cv_env_CC_set=
ac_cv_env_CC_value=
ac_cv_env_CFLAGS_set=
ac_cv_env_CFLAGS_value=
ac_cv_env_CPPFLAGS_set=
ac_cv_env_CPPFLAGS_value=
ac_cv_env_CPP_set=
ac_cv_env_CPP_value=
ac_cv_env_CXXCPP_set=
ac_cv_env_CXXCPP_value=
ac_cv_env_CXXFLAGS_set=
ac_cv_env_CXXFLAGS_value=
ac_cv_env_CXX_set=
ac_cv_env_CXX_value=
ac_cv_env_F77_set=
ac_cv_env_F77_value=
ac_cv_env_FFLAGS_set=
ac_cv_env_FFLAGS_value=
ac_cv_env_LDFLAGS_set=
ac_cv_env_LDFLAGS_value=
ac_cv_env_LIBS_set=
ac_cv_env_LIBS_value=
ac_cv_env_XMKMF_set=
ac_cv_env_XMKMF_value=
ac_cv_env_build_alias_set=
ac_cv_env_build_alias_value=
ac_cv_env_host_alias_set=set
ac_cv_env_host_alias_value=x86_64-aros
ac_cv_env_target_alias_set=
ac_cv_env_target_alias_value=
ac_cv_f77_compiler_gnu=yes
ac_cv_func_connect=yes
ac_cv_func_ftime=yes
ac_cv_func_gethostbyname=yes
ac_cv_func_gettimeofday=yes
ac_cv_func_remove=yes
ac_cv_func_shmat=yes
ac_cv_have_x='have_x=yes	ac_x_includes='\'''\''	ac_x_libraries='\'''\'''
ac_cv_header_ddraw_h=no
ac_cv_header_dlfcn_h=yes
ac_cv_header_inttypes_h=yes
ac_cv_header_io_h=no
ac_cv_header_memory_h=yes
ac_cv_header_stdc=yes
ac_cv_header_stdint_h=yes
ac_cv_header_stdlib_h=yes
ac_cv_header_string_h=yes
ac_cv_header_strings_h=yes
ac_cv_header_sys_stat_h=yes
ac_cv_header_sys_time_h=yes
ac_cv_header_sys_timeb_h=yes
ac_cv_header_sys_types_h=yes
ac_cv_header_time=yes
ac_cv_header_time_h=yes
ac_cv_header_unistd_h=yes
ac_cv_host=x86_64-pc-aros
ac_cv_lib_ICE_IceConnectionNumber=yes
ac_cv_lib_Xext_XShmCreateImage=yes
ac_cv_lib_Xv_XvShmCreateImage=yes
ac_cv_objext=o
ac_cv_path_EGREP='/bin/grep -E'
ac_cv_path_GREP=/bin/grep
ac_cv_path_install='/usr/bin/install -c'
ac_cv_path_mkdir=/bin/mkdir
ac_cv_prog_AWK=gawk
ac_cv_prog_CPP='gcc -E'
ac_cv_prog_CXXCPP='g++ -E'
ac_cv_prog_SDLCONFIG=yes
ac_cv_prog_STRIP=strip
ac_cv_prog_ac_ct_AR=ar
ac_cv_prog_ac_ct_CC=gcc
ac_cv_prog_ac_ct_CXX=g++
ac_cv_prog_ac_ct_F77=f77
ac_cv_prog_ac_ct_RANLIB=ranlib
ac_cv_prog_ac_ct_STRIP=strip
ac_cv_prog_cc_c89=
ac_cv_prog_cc_g=yes
ac_cv_prog_cxx_g=yes
ac_cv_prog_f77_g=yes
ac_cv_prog_gcc_traditional=no
ac_cv_prog_make_make_set=yes
ac_cv_sys_file_offset_bits=no
ac_cv_sys_largefile_CC=no
ac_cv_try_cflags_ok=yes
ac_cv_type_signal=void
ac_cv_type_size_t=yes
ac_cv_type_struct_timeval=yes
am_cv_CCAS_dependencies_compiler_type=gcc3
am_cv_CC_dependencies_compiler_type=gcc3
am_cv_CXX_dependencies_compiler_type=gcc3
lt_cv_deplibs_check_method=unknown
lt_cv_file_magic_cmd='$MAGIC_CMD'
lt_cv_file_magic_test_file=
lt_cv_ld_reload_flag=-r
lt_cv_objdir=.libs
lt_cv_path_LD=/usr/bin/ld
lt_cv_path_LDCXX=/usr/bin/ld
lt_cv_path_NM=nm
lt_cv_path_SED=/bin/sed
lt_cv_prog_compiler_c_o=yes
lt_cv_prog_compiler_c_o_CXX=yes
lt_cv_prog_compiler_c_o_F77=yes
lt_cv_prog_compiler_pic_works=yes
lt_cv_prog_compiler_pic_works_CXX=yes
lt_cv_prog_compiler_pic_works_F77=yes
lt_cv_prog_compiler_rtti_exceptions=no
lt_cv_prog_compiler_static_works=yes
lt_cv_prog_compiler_static_works_CXX=yes
lt_cv_prog_compiler_static_works_F77=yes
lt_cv_prog_gnu_ld=yes
lt_cv_prog_gnu_ldcxx=yes
lt_cv_sys_global_symbol_pipe='sed -n -e '\''s/^.*[ 	]\([ABCDGIRSTW][ABCDGIRSTW]*\)[ 	][ 	]*\([_A-Za-z][_A-Za-z0-9]*\)$/\1 \2 \2/p'\'''
lt_cv_sys_global_symbol_to_c_name_address='sed -n -e '\''s/^: \([^ ]*\) $/  {\"\1\", (lt_ptr) 0},/p'\'' -e '\''s/^[BCDEGRST] \([^ ]*\) \([^ ]*\)$/  {"\2", (lt_ptr) \&\2},/p'\'''
lt_cv_sys_global_symbol_to_cdecl='sed -n -e '\''s/^. .* \(.*\)$/extern int \1;/p'\'''
lt_cv_sys_lib_dlsearch_path_spec='/lib /usr/lib'
lt_cv_sys_lib_search_path_spec='/usr/lib/gcc/x86_64-linux-gnu/4.9 /usr/lib/x86_64-linux-gnu /usr/lib /lib/x86_64-linux-gnu /lib'
lt_cv_sys_max_cmd_len=1572864
lt_lt_cv_prog_compiler_c_o='"yes"'
lt_lt_cv_prog_compiler_c_o_CXX='"yes"'
lt_lt_cv_prog_compiler_c_o_F77='"yes"'
lt_lt_cv_sys_global_symbol_pipe='"sed -n -e '\''s/^.*[ 	]\\([ABCDGIRSTW][ABCDGIRSTW]*\\)[ 	][ 	]*\\([_A-Za-z][_A-Za-z0-9]*\\)\$/\\1 \\2 \\2/p'\''"'
lt_lt_cv_sys_global_symbol_to_c_name_address='"sed -n -e '\''s/^: \\([^ ]*\\) \$/  {\\\"\\1\\\", (lt_ptr) 0},/p'\'' -e '\''s/^[BCDEGRST] \\([^ ]*\\) \\([^ ]*\\)\$/  {\"\\2\", (lt_ptr) \\&\\2},/p'\''"'
lt_lt_cv_sys_global_symbol_to_cdecl='"sed -n -e '\''s/^. .* \\(.*\\)\$/extern int \\1;/p'\''"'

## ----------------- ##
## Output variables. ##
## ----------------- ##

ACLOCAL='${SHELL} /home/oli/tc/WinUAE3/od-aros/libmpeg2/.auto/missing --run aclocal-1.10'
AMDEPBACKSLASH='\'
AMDEP_FALSE='#'
AMDEP_TRUE=''
AMTAR='${SHELL} /home/oli/tc/WinUAE3/od-aros/libmpeg2/.auto/missing --run tar'
AM_CPPFLAGS='-I$(top_srcdir)/include -I$(top_builddir)/include'
AR='ar'
ARCH_ARM_FALSE=''
ARCH_ARM_TRUE='#'
ARCH_OPT_CFLAGS=''
AS='as'
AUTOCONF='${SHELL} /home/oli/tc/WinUAE3/od-aros/libmpeg2/.auto/missing --run autoconf'
AUTOHEADER='${SHELL} /home/oli/tc/WinUAE3/od-aros/libmpeg2/.auto/missing --run autoheader'
AUTOMAKE='${SHELL} /home/oli/tc/WinUAE3/od-aros/libmpeg2/.auto/missing --run automake-1.10'
AWK='gawk'
CC='gcc'
CCAS='gcc'
CCASDEPMODE='depmode=gcc3'
CCASFLAGS='-g -O2'
CCDEPMODE='depmode=gcc3'
CFLAGS='-g -O2'
CPP='gcc -E'
CPPFLAGS=''
CXX='g++'
CXXCPP='g++ -E'
CXXDEPMODE='depmode=gcc3'
CXXFLAGS='-g -O2'
CYGPATH_W='echo'
DEFS='-DHAVE_CONFIG_H'
DEPDIR='.deps'
DLLTOOL='dlltool'
DSYMUTIL=''
ECHO='echo'
ECHO_C=''
ECHO_N='-n'
ECHO_T=''
EGREP='/bin/grep -E'
EXEEXT=''
F77='f77'
FFLAGS='-g -O2'
GREP='/bin/grep'
INSTALL_DATA='${INSTALL} -m 644'
INSTALL_PROGRAM='${INSTALL}'
INSTALL_SCRIPT='${INSTALL}'
INSTALL_STRIP_PROGRAM='$(install_sh) -c -s'
LDFLAGS=''
LIBMPEG2_CFLAGS=''
LIBOBJS=''
LIBS=''
LIBTOOL='$(SHELL) $(top_builddir)/libtool'
LIBVO_CFLAGS='  -I/usr/include/SDL -D_GNU_SOURCE=1 -D_REENTRANT'
LIBVO_LIBS='  -lSM -lICE   -lXext -lX11 -lXv -L/usr/lib/x86_64-linux-gnu -lSDL'
LN_S='ln -s'
LTLIBOBJS=''
MAINT='#'
MAINTAINER_MODE_FALSE=''
MAINTAINER_MODE_TRUE='#'
MAKEINFO='${SHELL} /home/oli/tc/WinUAE3/od-aros/libmpeg2/.auto/missing --run makeinfo'
MPEG2DEC_CFLAGS=' -Wall -Wpointer-arith -Wcast-align -Wcast-qual -Wstrict-prototypes -Wshadow -Waggregate-return -Wmissing-prototypes -Wnested-externs -Wsign-compare -g  -O3 -fomit-frame-pointer -fno-common'
NMEDIT=''
OBJDUMP='objdump'
OBJEXT='o'
OPT_CFLAGS=' -Wall -Wpointer-arith -Wcast-align -Wcast-qual -Wstrict-prototypes -Wshadow -Waggregate-return -Wmissing-prototypes -Wnested-externs -Wsign-compare -g  -O3 -fomit-frame-pointer -fno-common'
PACKAGE='libmpeg2'
PACKAGE_BUGREPORT=''
PACKAGE_NAME='libmpeg2'
PACKAGE_STRING='libmpeg2 0.5.1'
PACKAGE_TARNAME='libmpeg2'
PACKAGE_VERSION='0.5.1'
PATH_SEPARATOR=':'
RANLIB='ranlib'
SDLCONFIG='yes'
SED='/bin/sed'
SET_MAKE=''
SHELL='/bin/bash'
STRIP='strip'
VERSION='0.5.1'
XMKMF=''
X_CFLAGS=''
X_EXTRA_LIBS=''
X_LIBS=''
X_PRE_LIBS=' -lSM -lICE'
ac_ct_CC='gcc'
ac_ct_CXX='g++'
ac_ct_F77='f77'
am__fastdepCCAS_FALSE='#'
am__fastdepCCAS_TRUE=''
am__fastdepCC_FALSE='#'
am__fastdepCC_TRUE=''
am__fastdepCXX_FALSE='#'
am__fastdepCXX_TRUE=''
am__include='include'
am__isrc=''
am__leading_dot='.'
am__quote=''
am__tar='${AMTAR} chof - "$$tardir"'
am__untar='${AMTAR} xf -'
bindir='${exec_prefix}/bin'
build='x86_64-unknown-linux-gnu'
build_alias=''
build_cpu='x86_64'
build_os='linux-gnu'
build_vendor='unknown'
datadir='${datarootdir}'
datarootdir='${prefix}/share'
docdir='${datarootdir}/doc/${PACKAGE_TARNAME}'
dvidir='${docdir}'
exec_prefix='${prefix}'
host='x86_64-pc-aros'
host_alias='x86_64-aros'
host_cpu='x86_64'
host_os='aros'
host_vendor='pc'
htmldir='${docdir}'
includedir='${prefix}/include'
infodir='${datarootdir}/info'
install_sh='$(SHELL) /home/oli/tc/WinUAE3/od-aros/libmpeg2/.auto/install-sh'
libdir='${exec_prefix}/lib'
libexecdir='${exec_prefix}/libexec'
localedir='${datarootdir}/locale'
localstatedir='${prefix}/var'
mandir='${datarootdir}/man'
mkdir_p='/bin/mkdir -p'
oldincludedir='/usr/include'
pdfdir='${docdir}'
prefix='/usr/local'
program_transform_name='s,x,x,'
psdir='${docdir}'
sbindir='${exec_prefix}/sbin'
sharedstatedir='${prefix}/com'
sysconfdir='${prefix}/etc'
target_alias=''

## ----------- ##
## confdefs.h. ##
## ----------- ##

#define PACKAGE_NAME "libmpeg2"
#define PACKAGE_TARNAME "libmpeg2"
#define PACKAGE_VERSION "0.5.1"
#define PACKAGE_STRING "libmpeg2 0.5.1"
#define PACKAGE_BUGREPORT ""
#define PACKAGE "libmpeg2"
#define VERSION "0.5.1"
#define STDC_HEADERS 1
#define HAVE_SYS_TYPES_H 1
#define HAVE_SYS_STAT_H 1
#define HAVE_STDLIB_H 1
#define HAVE_STRING_H 1
#define HAVE_MEMORY_H 1
#define HAVE_STRINGS_H 1
#define HAVE_INTTYPES_H 1
#define HAVE_STDINT_H 1
#define HAVE_UNISTD_H 1
#define HAVE_SYS_TIME_H 1
#define HAVE_TIME_H 1
#define HAVE_SYS_TIMEB_H 1
#define ARCH_X86
#define HAVE_DLFCN_H 1
#define TIME_WITH_SYS_TIME 1
#define HAVE_STRUCT_TIMEVAL 1
#define inline __attribute__ ((__always_inline__))
#define restrict __restrict__
#define HAVE_BUILTIN_EXPECT
#define RETSIGTYPE void
#define HAVE_GETTIMEOFDAY 1
#define HAVE_FTIME 1
#define ACCEL_DETECT
#define LIBVO_X11
#define LIBVO_XV
#define LIBVO_SDL
#define ATTRIBUTE_ALIGNED_MAX 64

configure: exit 0
